{"/Users/rafael/Projects/Personal/well-scout/features/advisor/advisorSlice.ts": {"path":"/Users/rafael/Projects/Personal/well-scout/features/advisor/advisorSlice.ts","statementMap":{"0":{"start":{"line":19,"column":35},"end":{"line":25,"column":1}},"1":{"start":{"line":28,"column":39},"end":{"line":35,"column":1}},"2":{"start":{"line":29,"column":2},"end":{"line":34,"column":3}},"3":{"start":{"line":30,"column":28},"end":{"line":30,"column":49}},"4":{"start":{"line":31,"column":4},"end":{"line":31,"column":65}},"5":{"start":{"line":33,"column":4},"end":{"line":33,"column":75}},"6":{"start":{"line":37,"column":41},"end":{"line":48,"column":1}},"7":{"start":{"line":38,"column":2},"end":{"line":47,"column":3}},"8":{"start":{"line":39,"column":28},"end":{"line":39,"column":71}},"9":{"start":{"line":40,"column":4},"end":{"line":42,"column":5}},"10":{"start":{"line":41,"column":6},"end":{"line":41,"column":26}},"11":{"start":{"line":43,"column":4},"end":{"line":43,"column":39}},"12":{"start":{"line":45,"column":4},"end":{"line":45,"column":77}},"13":{"start":{"line":46,"column":4},"end":{"line":46,"column":24}},"14":{"start":{"line":50,"column":21},"end":{"line":69,"column":2}},"15":{"start":{"line":55,"column":6},"end":{"line":55,"column":40}},"16":{"start":{"line":56,"column":6},"end":{"line":56,"column":44}},"17":{"start":{"line":59,"column":6},"end":{"line":59,"column":60}},"18":{"start":{"line":60,"column":6},"end":{"line":60,"column":44}},"19":{"start":{"line":63,"column":6},"end":{"line":63,"column":39}},"20":{"start":{"line":66,"column":6},"end":{"line":66,"column":28}},"21":{"start":{"line":71,"column":79},"end":{"line":71,"column":99}},"22":{"start":{"line":74,"column":30},"end":{"line":103,"column":1}},"23":{"start":{"line":74,"column":126},"end":{"line":103,"column":1}},"24":{"start":{"line":75,"column":2},"end":{"line":102,"column":3}},"25":{"start":{"line":76,"column":4},"end":{"line":76,"column":31}},"26":{"start":{"line":78,"column":4},"end":{"line":81,"column":5}},"27":{"start":{"line":79,"column":6},"end":{"line":79,"column":34}},"28":{"start":{"line":80,"column":6},"end":{"line":80,"column":13}},"29":{"start":{"line":83,"column":31},"end":{"line":83,"column":72}},"30":{"start":{"line":84,"column":25},"end":{"line":84,"column":69}},"31":{"start":{"line":86,"column":25},"end":{"line":86,"column":55}},"32":{"start":{"line":87,"column":4},"end":{"line":90,"column":5}},"33":{"start":{"line":88,"column":6},"end":{"line":88,"column":34}},"34":{"start":{"line":89,"column":6},"end":{"line":89,"column":54}},"35":{"start":{"line":92,"column":17},"end":{"line":92,"column":64}},"36":{"start":{"line":94,"column":4},"end":{"line":97,"column":8}},"37":{"start":{"line":99,"column":4},"end":{"line":99,"column":54}},"38":{"start":{"line":101,"column":4},"end":{"line":101,"column":32}},"39":{"start":{"line":108,"column":19},"end":{"line":108,"column":39}},"40":{"start":{"line":111,"column":29},"end":{"line":151,"column":4}},"41":{"start":{"line":112,"column":24},"end":{"line":112,"column":43}},"42":{"start":{"line":113,"column":22},"end":{"line":113,"column":39}},"43":{"start":{"line":116,"column":21},"end":{"line":119,"column":54}},"44":{"start":{"line":120,"column":26},"end":{"line":120,"column":53}},"45":{"start":{"line":123,"column":24},"end":{"line":123,"column":82}},"46":{"start":{"line":123,"column":66},"end":{"line":123,"column":81}},"47":{"start":{"line":126,"column":23},"end":{"line":130,"column":5}},"48":{"start":{"line":131,"column":4},"end":{"line":131,"column":29}},"49":{"start":{"line":134,"column":27},"end":{"line":134,"column":81}},"50":{"start":{"line":134,"column":68},"end":{"line":134,"column":80}},"51":{"start":{"line":136,"column":4},"end":{"line":150,"column":6}},"52":{"start":{"line":154,"column":2},"end":{"line":154,"column":28}},"53":{"start":{"line":158,"column":38},"end":{"line":161,"column":1}},"54":{"start":{"line":158,"column":108},"end":{"line":161,"column":1}},"55":{"start":{"line":159,"column":22},"end":{"line":159,"column":62}},"56":{"start":{"line":160,"column":2},"end":{"line":160,"column":41}}},"fnMap":{"0":{"name":"(anonymous_0)","decl":{"start":{"line":28,"column":39},"end":{"line":28,"column":40}},"loc":{"start":{"line":28,"column":70},"end":{"line":35,"column":1}},"line":28},"1":{"name":"(anonymous_1)","decl":{"start":{"line":37,"column":41},"end":{"line":37,"column":42}},"loc":{"start":{"line":37,"column":76},"end":{"line":48,"column":1}},"line":37},"2":{"name":"(anonymous_2)","decl":{"start":{"line":54,"column":19},"end":{"line":54,"column":20}},"loc":{"start":{"line":54,"column":100},"end":{"line":57,"column":5}},"line":54},"3":{"name":"(anonymous_3)","decl":{"start":{"line":58,"column":21},"end":{"line":58,"column":22}},"loc":{"start":{"line":58,"column":32},"end":{"line":61,"column":5}},"line":58},"4":{"name":"(anonymous_4)","decl":{"start":{"line":62,"column":16},"end":{"line":62,"column":17}},"loc":{"start":{"line":62,"column":59},"end":{"line":64,"column":5}},"line":62},"5":{"name":"(anonymous_5)","decl":{"start":{"line":65,"column":21},"end":{"line":65,"column":22}},"loc":{"start":{"line":65,"column":65},"end":{"line":67,"column":5}},"line":65},"6":{"name":"(anonymous_6)","decl":{"start":{"line":74,"column":30},"end":{"line":74,"column":31}},"loc":{"start":{"line":74,"column":126},"end":{"line":103,"column":1}},"line":74},"7":{"name":"(anonymous_7)","decl":{"start":{"line":74,"column":126},"end":{"line":74,"column":127}},"loc":{"start":{"line":74,"column":156},"end":{"line":103,"column":1}},"line":74},"8":{"name":"createSimplifiedProductList","decl":{"start":{"line":106,"column":9},"end":{"line":106,"column":36}},"loc":{"start":{"line":106,"column":65},"end":{"line":155,"column":1}},"line":106},"9":{"name":"(anonymous_9)","decl":{"start":{"line":111,"column":42},"end":{"line":111,"column":43}},"loc":{"start":{"line":111,"column":53},"end":{"line":151,"column":3}},"line":111},"10":{"name":"(anonymous_10)","decl":{"start":{"line":123,"column":52},"end":{"line":123,"column":53}},"loc":{"start":{"line":123,"column":66},"end":{"line":123,"column":81}},"line":123},"11":{"name":"(anonymous_11)","decl":{"start":{"line":134,"column":57},"end":{"line":134,"column":58}},"loc":{"start":{"line":134,"column":68},"end":{"line":134,"column":80}},"line":134},"12":{"name":"(anonymous_12)","decl":{"start":{"line":158,"column":38},"end":{"line":158,"column":39}},"loc":{"start":{"line":158,"column":108},"end":{"line":161,"column":1}},"line":158},"13":{"name":"(anonymous_13)","decl":{"start":{"line":158,"column":108},"end":{"line":158,"column":109}},"loc":{"start":{"line":158,"column":128},"end":{"line":161,"column":1}},"line":158}},"branchMap":{"0":{"loc":{"start":{"line":40,"column":4},"end":{"line":42,"column":5}},"type":"if","locations":[{"start":{"line":40,"column":4},"end":{"line":42,"column":5}},{"start":{},"end":{}}],"line":40},"1":{"loc":{"start":{"line":78,"column":4},"end":{"line":81,"column":5}},"type":"if","locations":[{"start":{"line":78,"column":4},"end":{"line":81,"column":5}},{"start":{},"end":{}}],"line":78},"2":{"loc":{"start":{"line":87,"column":4},"end":{"line":90,"column":5}},"type":"if","locations":[{"start":{"line":87,"column":4},"end":{"line":90,"column":5}},{"start":{},"end":{}}],"line":87},"3":{"loc":{"start":{"line":116,"column":21},"end":{"line":119,"column":54}},"type":"binary-expr","locations":[{"start":{"line":116,"column":21},"end":{"line":116,"column":76}},{"start":{"line":117,"column":6},"end":{"line":117,"column":58}},{"start":{"line":118,"column":6},"end":{"line":118,"column":55}},{"start":{"line":119,"column":6},"end":{"line":119,"column":54}}],"line":116},"4":{"loc":{"start":{"line":120,"column":26},"end":{"line":120,"column":53}},"type":"cond-expr","locations":[{"start":{"line":120,"column":37},"end":{"line":120,"column":44}},{"start":{"line":120,"column":47},"end":{"line":120,"column":53}}],"line":120},"5":{"loc":{"start":{"line":128,"column":16},"end":{"line":128,"column":80}},"type":"binary-expr","locations":[{"start":{"line":128,"column":16},"end":{"line":128,"column":45}},{"start":{"line":128,"column":49},"end":{"line":128,"column":80}}],"line":128}},"s":{"0":1,"1":1,"2":6,"3":6,"4":6,"5":0,"6":1,"7":3,"8":3,"9":2,"10":1,"11":1,"12":1,"13":1,"14":1,"15":3,"16":3,"17":3,"18":3,"19":10,"20":3,"21":1,"22":1,"23":4,"24":4,"25":4,"26":4,"27":2,"28":2,"29":2,"30":2,"31":2,"32":2,"33":0,"34":0,"35":2,"36":1,"37":1,"38":4,"39":2,"40":2,"41":2,"42":2,"43":2,"44":2,"45":2,"46":0,"47":2,"48":2,"49":2,"50":0,"51":2,"52":2,"53":1,"54":3,"55":3,"56":3},"f":{"0":6,"1":3,"2":3,"3":3,"4":10,"5":3,"6":4,"7":4,"8":2,"9":2,"10":0,"11":0,"12":3,"13":3},"b":{"0":[1,1],"1":[2,2],"2":[0,2],"3":[2,2,2,2],"4":[0,2],"5":[2,2]},"_coverageSchema":"1a1c01bbd47fc00a2c39e90264f33305004495a9","hash":"646b2df7f9cd7344d92b66983800434647e71405"}
,"/Users/rafael/Projects/Personal/well-scout/features/preferences/preferencesSlice.ts": {"path":"/Users/rafael/Projects/Personal/well-scout/features/preferences/preferencesSlice.ts","statementMap":{"0":{"start":{"line":11,"column":34},"end":{"line":13,"column":1}},"1":{"start":{"line":15,"column":40},"end":{"line":26,"column":1}},"2":{"start":{"line":16,"column":2},"end":{"line":25,"column":3}},"3":{"start":{"line":17,"column":34},"end":{"line":17,"column":76}},"4":{"start":{"line":18,"column":4},"end":{"line":20,"column":5}},"5":{"start":{"line":19,"column":6},"end":{"line":19,"column":26}},"6":{"start":{"line":21,"column":4},"end":{"line":21,"column":45}},"7":{"start":{"line":23,"column":4},"end":{"line":23,"column":75}},"8":{"start":{"line":24,"column":4},"end":{"line":24,"column":24}},"9":{"start":{"line":28,"column":38},"end":{"line":35,"column":1}},"10":{"start":{"line":29,"column":2},"end":{"line":34,"column":3}},"11":{"start":{"line":30,"column":34},"end":{"line":30,"column":61}},"12":{"start":{"line":31,"column":4},"end":{"line":31,"column":70}},"13":{"start":{"line":33,"column":4},"end":{"line":33,"column":73}},"14":{"start":{"line":37,"column":25},"end":{"line":49,"column":2}},"15":{"start":{"line":42,"column":6},"end":{"line":42,"column":42}},"16":{"start":{"line":43,"column":6},"end":{"line":43,"column":43}},"17":{"start":{"line":46,"column":6},"end":{"line":46,"column":55}},"18":{"start":{"line":54,"column":4},"end":{"line":54,"column":28}},"19":{"start":{"line":56,"column":34},"end":{"line":56,"column":86}},"20":{"start":{"line":56,"column":56},"end":{"line":56,"column":86}},"21":{"start":{"line":60,"column":42},"end":{"line":63,"column":1}},"22":{"start":{"line":60,"column":73},"end":{"line":63,"column":1}},"23":{"start":{"line":61,"column":28},"end":{"line":61,"column":67}},"24":{"start":{"line":62,"column":2},"end":{"line":62,"column":53}}},"fnMap":{"0":{"name":"(anonymous_0)","decl":{"start":{"line":15,"column":40},"end":{"line":15,"column":41}},"loc":{"start":{"line":15,"column":74},"end":{"line":26,"column":1}},"line":15},"1":{"name":"(anonymous_1)","decl":{"start":{"line":28,"column":38},"end":{"line":28,"column":39}},"loc":{"start":{"line":28,"column":74},"end":{"line":35,"column":1}},"line":28},"2":{"name":"(anonymous_2)","decl":{"start":{"line":41,"column":21},"end":{"line":41,"column":22}},"loc":{"start":{"line":41,"column":63},"end":{"line":44,"column":5}},"line":41},"3":{"name":"(anonymous_3)","decl":{"start":{"line":45,"column":27},"end":{"line":45,"column":28}},"loc":{"start":{"line":45,"column":74},"end":{"line":47,"column":5}},"line":45},"4":{"name":"(anonymous_4)","decl":{"start":{"line":56,"column":34},"end":{"line":56,"column":35}},"loc":{"start":{"line":56,"column":56},"end":{"line":56,"column":86}},"line":56},"5":{"name":"(anonymous_5)","decl":{"start":{"line":60,"column":42},"end":{"line":60,"column":43}},"loc":{"start":{"line":60,"column":73},"end":{"line":63,"column":1}},"line":60},"6":{"name":"(anonymous_6)","decl":{"start":{"line":60,"column":73},"end":{"line":60,"column":74}},"loc":{"start":{"line":60,"column":93},"end":{"line":63,"column":1}},"line":60}},"branchMap":{"0":{"loc":{"start":{"line":18,"column":4},"end":{"line":20,"column":5}},"type":"if","locations":[{"start":{"line":18,"column":4},"end":{"line":20,"column":5}},{"start":{},"end":{}}],"line":18}},"s":{"0":2,"1":2,"2":3,"3":3,"4":2,"5":1,"6":1,"7":1,"8":1,"9":2,"10":4,"11":4,"12":4,"13":0,"14":2,"15":4,"16":4,"17":3,"18":2,"19":2,"20":2,"21":2,"22":3,"23":3,"24":3},"f":{"0":3,"1":4,"2":4,"3":3,"4":2,"5":3,"6":3},"b":{"0":[1,1]},"_coverageSchema":"1a1c01bbd47fc00a2c39e90264f33305004495a9","hash":"db8c9c8949e83275d478236d7f54d0dd22287073"}
,"/Users/rafael/Projects/Personal/well-scout/features/products/productSlice.ts": {"path":"/Users/rafael/Projects/Personal/well-scout/features/products/productSlice.ts","statementMap":{"0":{"start":{"line":27,"column":35},"end":{"line":30,"column":1}},"1":{"start":{"line":32,"column":32},"end":{"line":39,"column":1}},"2":{"start":{"line":33,"column":2},"end":{"line":38,"column":3}},"3":{"start":{"line":34,"column":28},"end":{"line":34,"column":49}},"4":{"start":{"line":35,"column":4},"end":{"line":35,"column":65}},"5":{"start":{"line":37,"column":4},"end":{"line":37,"column":75}},"6":{"start":{"line":41,"column":34},"end":{"line":52,"column":1}},"7":{"start":{"line":42,"column":2},"end":{"line":51,"column":3}},"8":{"start":{"line":43,"column":28},"end":{"line":43,"column":71}},"9":{"start":{"line":44,"column":4},"end":{"line":46,"column":5}},"10":{"start":{"line":45,"column":6},"end":{"line":45,"column":26}},"11":{"start":{"line":47,"column":4},"end":{"line":47,"column":39}},"12":{"start":{"line":49,"column":4},"end":{"line":49,"column":77}},"13":{"start":{"line":50,"column":4},"end":{"line":50,"column":24}},"14":{"start":{"line":54,"column":21},"end":{"line":87,"column":2}},"15":{"start":{"line":59,"column":28},"end":{"line":59,"column":96}},"16":{"start":{"line":59,"column":63},"end":{"line":59,"column":95}},"17":{"start":{"line":60,"column":6},"end":{"line":64,"column":7}},"18":{"start":{"line":61,"column":8},"end":{"line":61,"column":54}},"19":{"start":{"line":63,"column":8},"end":{"line":63,"column":43}},"20":{"start":{"line":65,"column":6},"end":{"line":65,"column":37}},"21":{"start":{"line":68,"column":6},"end":{"line":68,"column":82}},"22":{"start":{"line":68,"column":51},"end":{"line":68,"column":80}},"23":{"start":{"line":69,"column":6},"end":{"line":69,"column":37}},"24":{"start":{"line":72,"column":28},"end":{"line":72,"column":98}},"25":{"start":{"line":72,"column":65},"end":{"line":72,"column":97}},"26":{"start":{"line":73,"column":6},"end":{"line":76,"column":7}},"27":{"start":{"line":74,"column":8},"end":{"line":74,"column":45}},"28":{"start":{"line":75,"column":8},"end":{"line":75,"column":39}},"29":{"start":{"line":79,"column":6},"end":{"line":79,"column":86}},"30":{"start":{"line":79,"column":55},"end":{"line":79,"column":84}},"31":{"start":{"line":80,"column":6},"end":{"line":80,"column":37}},"32":{"start":{"line":83,"column":6},"end":{"line":83,"column":45}},"33":{"start":{"line":84,"column":6},"end":{"line":84,"column":49}},"34":{"start":{"line":89,"column":133},"end":{"line":89,"column":153}},"35":{"start":{"line":90,"column":36},"end":{"line":90,"column":79}},"36":{"start":{"line":90,"column":58},"end":{"line":90,"column":79}},"37":{"start":{"line":91,"column":38},"end":{"line":91,"column":83}},"38":{"start":{"line":91,"column":60},"end":{"line":91,"column":83}},"39":{"start":{"line":95,"column":38},"end":{"line":98,"column":1}},"40":{"start":{"line":95,"column":69},"end":{"line":98,"column":1}},"41":{"start":{"line":96,"column":22},"end":{"line":96,"column":55}},"42":{"start":{"line":97,"column":2},"end":{"line":97,"column":41}},"43":{"start":{"line":100,"column":28},"end":{"line":107,"column":1}},"44":{"start":{"line":100,"column":59},"end":{"line":107,"column":1}},"45":{"start":{"line":101,"column":2},"end":{"line":105,"column":3}},"46":{"start":{"line":102,"column":4},"end":{"line":102,"column":51}},"47":{"start":{"line":104,"column":4},"end":{"line":104,"column":76}},"48":{"start":{"line":106,"column":2},"end":{"line":106,"column":42}}},"fnMap":{"0":{"name":"(anonymous_0)","decl":{"start":{"line":32,"column":32},"end":{"line":32,"column":33}},"loc":{"start":{"line":32,"column":63},"end":{"line":39,"column":1}},"line":32},"1":{"name":"(anonymous_1)","decl":{"start":{"line":41,"column":34},"end":{"line":41,"column":35}},"loc":{"start":{"line":41,"column":69},"end":{"line":52,"column":1}},"line":41},"2":{"name":"(anonymous_2)","decl":{"start":{"line":58,"column":25},"end":{"line":58,"column":26}},"loc":{"start":{"line":58,"column":72},"end":{"line":66,"column":5}},"line":58},"3":{"name":"(anonymous_3)","decl":{"start":{"line":59,"column":52},"end":{"line":59,"column":53}},"loc":{"start":{"line":59,"column":63},"end":{"line":59,"column":95}},"line":59},"4":{"name":"(anonymous_4)","decl":{"start":{"line":67,"column":30},"end":{"line":67,"column":31}},"loc":{"start":{"line":67,"column":77},"end":{"line":70,"column":5}},"line":67},"5":{"name":"(anonymous_5)","decl":{"start":{"line":68,"column":43},"end":{"line":68,"column":44}},"loc":{"start":{"line":68,"column":51},"end":{"line":68,"column":80}},"line":68},"6":{"name":"(anonymous_6)","decl":{"start":{"line":71,"column":27},"end":{"line":71,"column":28}},"loc":{"start":{"line":71,"column":74},"end":{"line":77,"column":5}},"line":71},"7":{"name":"(anonymous_7)","decl":{"start":{"line":72,"column":54},"end":{"line":72,"column":55}},"loc":{"start":{"line":72,"column":65},"end":{"line":72,"column":97}},"line":72},"8":{"name":"(anonymous_8)","decl":{"start":{"line":78,"column":32},"end":{"line":78,"column":33}},"loc":{"start":{"line":78,"column":79},"end":{"line":81,"column":5}},"line":78},"9":{"name":"(anonymous_9)","decl":{"start":{"line":79,"column":47},"end":{"line":79,"column":48}},"loc":{"start":{"line":79,"column":55},"end":{"line":79,"column":84}},"line":79},"10":{"name":"(anonymous_10)","decl":{"start":{"line":82,"column":21},"end":{"line":82,"column":22}},"loc":{"start":{"line":82,"column":69},"end":{"line":85,"column":5}},"line":82},"11":{"name":"(anonymous_11)","decl":{"start":{"line":90,"column":36},"end":{"line":90,"column":37}},"loc":{"start":{"line":90,"column":58},"end":{"line":90,"column":79}},"line":90},"12":{"name":"(anonymous_12)","decl":{"start":{"line":91,"column":38},"end":{"line":91,"column":39}},"loc":{"start":{"line":91,"column":60},"end":{"line":91,"column":83}},"line":91},"13":{"name":"(anonymous_13)","decl":{"start":{"line":95,"column":38},"end":{"line":95,"column":39}},"loc":{"start":{"line":95,"column":69},"end":{"line":98,"column":1}},"line":95},"14":{"name":"(anonymous_14)","decl":{"start":{"line":95,"column":69},"end":{"line":95,"column":70}},"loc":{"start":{"line":95,"column":89},"end":{"line":98,"column":1}},"line":95},"15":{"name":"(anonymous_15)","decl":{"start":{"line":100,"column":28},"end":{"line":100,"column":29}},"loc":{"start":{"line":100,"column":59},"end":{"line":107,"column":1}},"line":100},"16":{"name":"(anonymous_16)","decl":{"start":{"line":100,"column":59},"end":{"line":100,"column":60}},"loc":{"start":{"line":100,"column":79},"end":{"line":107,"column":1}},"line":100}},"branchMap":{"0":{"loc":{"start":{"line":44,"column":4},"end":{"line":46,"column":5}},"type":"if","locations":[{"start":{"line":44,"column":4},"end":{"line":46,"column":5}},{"start":{},"end":{}}],"line":44},"1":{"loc":{"start":{"line":60,"column":6},"end":{"line":64,"column":7}},"type":"if","locations":[{"start":{"line":60,"column":6},"end":{"line":64,"column":7}},{"start":{"line":62,"column":13},"end":{"line":64,"column":7}}],"line":60},"2":{"loc":{"start":{"line":73,"column":6},"end":{"line":76,"column":7}},"type":"if","locations":[{"start":{"line":73,"column":6},"end":{"line":76,"column":7}},{"start":{},"end":{}}],"line":73}},"s":{"0":1,"1":1,"2":9,"3":9,"4":9,"5":0,"6":1,"7":3,"8":3,"9":2,"10":1,"11":1,"12":1,"13":1,"14":1,"15":4,"16":1,"17":4,"18":1,"19":3,"20":4,"21":1,"22":1,"23":1,"24":4,"25":1,"26":4,"27":3,"28":3,"29":1,"30":1,"31":1,"32":6,"33":6,"34":1,"35":1,"36":0,"37":1,"38":0,"39":1,"40":3,"41":3,"42":3,"43":1,"44":2,"45":2,"46":2,"47":1,"48":2},"f":{"0":9,"1":3,"2":4,"3":1,"4":1,"5":1,"6":4,"7":1,"8":1,"9":1,"10":6,"11":0,"12":0,"13":3,"14":3,"15":2,"16":2},"b":{"0":[1,1],"1":[1,3],"2":[3,1]},"_coverageSchema":"1a1c01bbd47fc00a2c39e90264f33305004495a9","hash":"8ab26f340a521929014761deef91d4f83be09b39"}
,"/Users/rafael/Projects/Personal/well-scout/lib/ai.tsx": {"path":"/Users/rafael/Projects/Personal/well-scout/lib/ai.tsx","statementMap":{"0":{"start":{"line":6,"column":17},"end":{"line":181,"column":1}},"1":{"start":{"line":182,"column":2},"end":{"line":182,"column":16}},"2":{"start":{"line":186,"column":21},"end":{"line":186,"column":73}},"3":{"start":{"line":187,"column":2},"end":{"line":187,"column":20}},"4":{"start":{"line":191,"column":2},"end":{"line":191,"column":61}},"5":{"start":{"line":191,"column":21},"end":{"line":191,"column":61}},"6":{"start":{"line":193,"column":2},"end":{"line":217,"column":3}},"7":{"start":{"line":194,"column":18},"end":{"line":194,"column":48}},"8":{"start":{"line":195,"column":18},"end":{"line":197,"column":6}},"9":{"start":{"line":199,"column":29},"end":{"line":205,"column":5}},"10":{"start":{"line":207,"column":24},"end":{"line":210,"column":6}},"11":{"start":{"line":211,"column":19},"end":{"line":211,"column":68}},"12":{"start":{"line":212,"column":24},"end":{"line":212,"column":62}},"13":{"start":{"line":213,"column":4},"end":{"line":213,"column":23}},"14":{"start":{"line":215,"column":4},"end":{"line":215,"column":55}},"15":{"start":{"line":216,"column":4},"end":{"line":216,"column":58}}},"fnMap":{"0":{"name":"generatePromptForAdvisor","decl":{"start":{"line":5,"column":16},"end":{"line":5,"column":40}},"loc":{"start":{"line":5,"column":63},"end":{"line":183,"column":1}},"line":5},"1":{"name":"removeJsonTags","decl":{"start":{"line":185,"column":9},"end":{"line":185,"column":23}},"loc":{"start":{"line":185,"column":52},"end":{"line":188,"column":1}},"line":185},"2":{"name":"callGeminiAPI","decl":{"start":{"line":190,"column":22},"end":{"line":190,"column":35}},"loc":{"start":{"line":190,"column":107},"end":{"line":218,"column":1}},"line":190}},"branchMap":{"0":{"loc":{"start":{"line":191,"column":2},"end":{"line":191,"column":61}},"type":"if","locations":[{"start":{"line":191,"column":2},"end":{"line":191,"column":61}},{"start":{},"end":{}}],"line":191}},"s":{"0":2,"1":2,"2":3,"3":3,"4":5,"5":1,"6":4,"7":4,"8":4,"9":4,"10":4,"11":4,"12":3,"13":3,"14":1,"15":1},"f":{"0":2,"1":3,"2":5},"b":{"0":[1,4]},"_coverageSchema":"1a1c01bbd47fc00a2c39e90264f33305004495a9","hash":"5ff88e5ded4c6295f395280831cb1b4cbf1e69a7"}
,"/Users/rafael/Projects/Personal/well-scout/lib/formatRelativeTime.ts": {"path":"/Users/rafael/Projects/Personal/well-scout/lib/formatRelativeTime.ts","statementMap":{"0":{"start":{"line":2,"column":14},"end":{"line":2,"column":24}},"1":{"start":{"line":3,"column":24},"end":{"line":3,"column":75}},"2":{"start":{"line":5,"column":2},"end":{"line":7,"column":3}},"3":{"start":{"line":6,"column":4},"end":{"line":6,"column":22}},"4":{"start":{"line":9,"column":24},"end":{"line":9,"column":54}},"5":{"start":{"line":10,"column":2},"end":{"line":12,"column":3}},"6":{"start":{"line":11,"column":4},"end":{"line":11,"column":72}},"7":{"start":{"line":14,"column":22},"end":{"line":14,"column":52}},"8":{"start":{"line":15,"column":2},"end":{"line":17,"column":3}},"9":{"start":{"line":16,"column":4},"end":{"line":16,"column":66}},"10":{"start":{"line":19,"column":21},"end":{"line":19,"column":49}},"11":{"start":{"line":20,"column":2},"end":{"line":22,"column":3}},"12":{"start":{"line":21,"column":4},"end":{"line":21,"column":63}},"13":{"start":{"line":24,"column":24},"end":{"line":24,"column":50}},"14":{"start":{"line":26,"column":4},"end":{"line":28,"column":5}},"15":{"start":{"line":27,"column":8},"end":{"line":27,"column":69}},"16":{"start":{"line":30,"column":23},"end":{"line":30,"column":50}},"17":{"start":{"line":31,"column":4},"end":{"line":33,"column":5}},"18":{"start":{"line":32,"column":8},"end":{"line":32,"column":72}},"19":{"start":{"line":35,"column":22},"end":{"line":35,"column":50}},"20":{"start":{"line":36,"column":2},"end":{"line":36,"column":64}}},"fnMap":{"0":{"name":"formatRelativeTime","decl":{"start":{"line":1,"column":16},"end":{"line":1,"column":34}},"loc":{"start":{"line":1,"column":55},"end":{"line":37,"column":1}},"line":1}},"branchMap":{"0":{"loc":{"start":{"line":5,"column":2},"end":{"line":7,"column":3}},"type":"if","locations":[{"start":{"line":5,"column":2},"end":{"line":7,"column":3}},{"start":{},"end":{}}],"line":5},"1":{"loc":{"start":{"line":10,"column":2},"end":{"line":12,"column":3}},"type":"if","locations":[{"start":{"line":10,"column":2},"end":{"line":12,"column":3}},{"start":{},"end":{}}],"line":10},"2":{"loc":{"start":{"line":11,"column":37},"end":{"line":11,"column":65}},"type":"cond-expr","locations":[{"start":{"line":11,"column":57},"end":{"line":11,"column":60}},{"start":{"line":11,"column":63},"end":{"line":11,"column":65}}],"line":11},"3":{"loc":{"start":{"line":15,"column":2},"end":{"line":17,"column":3}},"type":"if","locations":[{"start":{"line":15,"column":2},"end":{"line":17,"column":3}},{"start":{},"end":{}}],"line":15},"4":{"loc":{"start":{"line":16,"column":33},"end":{"line":16,"column":59}},"type":"cond-expr","locations":[{"start":{"line":16,"column":51},"end":{"line":16,"column":54}},{"start":{"line":16,"column":57},"end":{"line":16,"column":59}}],"line":16},"5":{"loc":{"start":{"line":20,"column":2},"end":{"line":22,"column":3}},"type":"if","locations":[{"start":{"line":20,"column":2},"end":{"line":22,"column":3}},{"start":{},"end":{}}],"line":20},"6":{"loc":{"start":{"line":21,"column":31},"end":{"line":21,"column":56}},"type":"cond-expr","locations":[{"start":{"line":21,"column":48},"end":{"line":21,"column":51}},{"start":{"line":21,"column":54},"end":{"line":21,"column":56}}],"line":21},"7":{"loc":{"start":{"line":26,"column":4},"end":{"line":28,"column":5}},"type":"if","locations":[{"start":{"line":26,"column":4},"end":{"line":28,"column":5}},{"start":{},"end":{}}],"line":26},"8":{"loc":{"start":{"line":27,"column":37},"end":{"line":27,"column":63}},"type":"cond-expr","locations":[{"start":{"line":27,"column":55},"end":{"line":27,"column":58}},{"start":{"line":27,"column":61},"end":{"line":27,"column":63}}],"line":27},"9":{"loc":{"start":{"line":31,"column":4},"end":{"line":33,"column":5}},"type":"if","locations":[{"start":{"line":31,"column":4},"end":{"line":33,"column":5}},{"start":{},"end":{}}],"line":31},"10":{"loc":{"start":{"line":32,"column":39},"end":{"line":32,"column":66}},"type":"cond-expr","locations":[{"start":{"line":32,"column":58},"end":{"line":32,"column":61}},{"start":{"line":32,"column":64},"end":{"line":32,"column":66}}],"line":32},"11":{"loc":{"start":{"line":36,"column":31},"end":{"line":36,"column":57}},"type":"cond-expr","locations":[{"start":{"line":36,"column":49},"end":{"line":36,"column":52}},{"start":{"line":36,"column":55},"end":{"line":36,"column":57}}],"line":36}},"s":{"0":13,"1":13,"2":13,"3":1,"4":12,"5":12,"6":2,"7":10,"8":10,"9":2,"10":8,"11":8,"12":2,"13":6,"14":6,"15":2,"16":4,"17":4,"18":2,"19":2,"20":2},"f":{"0":13},"b":{"0":[1,12],"1":[2,10],"2":[1,1],"3":[2,8],"4":[1,1],"5":[2,6],"6":[1,1],"7":[2,4],"8":[1,1],"9":[2,2],"10":[1,1],"11":[1,1]},"_coverageSchema":"1a1c01bbd47fc00a2c39e90264f33305004495a9","hash":"480f33c8e9de0c4204a13d2bd4376a66c0a26b06"}
,"/Users/rafael/Projects/Personal/well-scout/lib/text.ts": {"path":"/Users/rafael/Projects/Personal/well-scout/lib/text.ts","statementMap":{"0":{"start":{"line":2,"column":2},"end":{"line":2,"column":66}},"1":{"start":{"line":6,"column":2},"end":{"line":6,"column":50}},"2":{"start":{"line":10,"column":2},"end":{"line":10,"column":32}},"3":{"start":{"line":14,"column":16},"end":{"line":14,"column":31}},"4":{"start":{"line":15,"column":2},"end":{"line":15,"column":40}}},"fnMap":{"0":{"name":"capitalize","decl":{"start":{"line":1,"column":16},"end":{"line":1,"column":26}},"loc":{"start":{"line":1,"column":48},"end":{"line":3,"column":1}},"line":1},"1":{"name":"capitalizeAll","decl":{"start":{"line":5,"column":16},"end":{"line":5,"column":29}},"loc":{"start":{"line":5,"column":51},"end":{"line":7,"column":1}},"line":5},"2":{"name":"removeDashes","decl":{"start":{"line":9,"column":16},"end":{"line":9,"column":28}},"loc":{"start":{"line":9,"column":50},"end":{"line":11,"column":1}},"line":9},"3":{"name":"removeHTMLTags","decl":{"start":{"line":13,"column":16},"end":{"line":13,"column":30}},"loc":{"start":{"line":13,"column":45},"end":{"line":16,"column":1}},"line":13}},"branchMap":{"0":{"loc":{"start":{"line":15,"column":9},"end":{"line":15,"column":39}},"type":"binary-expr","locations":[{"start":{"line":15,"column":9},"end":{"line":15,"column":33}},{"start":{"line":15,"column":37},"end":{"line":15,"column":39}}],"line":15}},"s":{"0":25,"1":6,"2":5,"3":8,"4":8},"f":{"0":25,"1":6,"2":5,"3":8},"b":{"0":[8,4]},"_coverageSchema":"1a1c01bbd47fc00a2c39e90264f33305004495a9","hash":"ea8a53052a7fec68e531e055ea3bddd9dc790ef9"}
}
