TN:
SF:features/advisor/advisorSlice.ts
FN:28,(anonymous_0)
FN:37,(anonymous_1)
FN:54,(anonymous_2)
FN:58,(anonymous_3)
FN:62,(anonymous_4)
FN:65,(anonymous_5)
FN:74,(anonymous_6)
FN:74,(anonymous_7)
FN:106,createSimplifiedProductList
FN:111,(anonymous_9)
FN:123,(anonymous_10)
FN:134,(anonymous_11)
FN:158,(anonymous_12)
FN:158,(anonymous_13)
FNF:14
FNH:12
FNDA:6,(anonymous_0)
FNDA:3,(anonymous_1)
FNDA:3,(anonymous_2)
FNDA:3,(anonymous_3)
FNDA:10,(anonymous_4)
FNDA:3,(anonymous_5)
FNDA:4,(anonymous_6)
FNDA:4,(anonymous_7)
FNDA:2,createSimplifiedProductList
FNDA:2,(anonymous_9)
FNDA:0,(anonymous_10)
FNDA:0,(anonymous_11)
FNDA:3,(anonymous_12)
FNDA:3,(anonymous_13)
DA:19,1
DA:28,1
DA:29,6
DA:30,6
DA:31,6
DA:33,0
DA:37,1
DA:38,3
DA:39,3
DA:40,2
DA:41,1
DA:43,1
DA:45,1
DA:46,1
DA:50,1
DA:55,3
DA:56,3
DA:59,3
DA:60,3
DA:63,10
DA:66,3
DA:71,1
DA:74,4
DA:75,4
DA:76,4
DA:78,4
DA:79,2
DA:80,2
DA:83,2
DA:84,2
DA:86,2
DA:87,2
DA:88,0
DA:89,0
DA:92,2
DA:94,1
DA:99,1
DA:101,4
DA:108,2
DA:111,2
DA:112,2
DA:113,2
DA:116,2
DA:120,2
DA:123,2
DA:126,2
DA:131,2
DA:134,2
DA:136,2
DA:154,2
DA:158,3
DA:159,3
DA:160,3
LF:53
LH:50
BRDA:40,0,0,1
BRDA:40,0,1,1
BRDA:78,1,0,2
BRDA:78,1,1,2
BRDA:87,2,0,0
BRDA:87,2,1,2
BRDA:116,3,0,2
BRDA:116,3,1,2
BRDA:116,3,2,2
BRDA:116,3,3,2
BRDA:120,4,0,0
BRDA:120,4,1,2
BRDA:128,5,0,2
BRDA:128,5,1,2
BRF:14
BRH:12
end_of_record
TN:
SF:features/preferences/preferencesSlice.ts
FN:15,(anonymous_0)
FN:28,(anonymous_1)
FN:41,(anonymous_2)
FN:45,(anonymous_3)
FN:56,(anonymous_4)
FN:60,(anonymous_5)
FN:60,(anonymous_6)
FNF:7
FNH:7
FNDA:3,(anonymous_0)
FNDA:4,(anonymous_1)
FNDA:4,(anonymous_2)
FNDA:3,(anonymous_3)
FNDA:2,(anonymous_4)
FNDA:3,(anonymous_5)
FNDA:3,(anonymous_6)
DA:11,2
DA:15,2
DA:16,3
DA:17,3
DA:18,2
DA:19,1
DA:21,1
DA:23,1
DA:24,1
DA:28,2
DA:29,4
DA:30,4
DA:31,4
DA:33,0
DA:37,2
DA:42,4
DA:43,4
DA:46,3
DA:54,2
DA:56,2
DA:60,3
DA:61,3
DA:62,3
LF:23
LH:22
BRDA:18,0,0,1
BRDA:18,0,1,1
BRF:2
BRH:2
end_of_record
TN:
SF:features/products/productSlice.ts
FN:32,(anonymous_0)
FN:41,(anonymous_1)
FN:58,(anonymous_2)
FN:59,(anonymous_3)
FN:67,(anonymous_4)
FN:68,(anonymous_5)
FN:71,(anonymous_6)
FN:72,(anonymous_7)
FN:78,(anonymous_8)
FN:79,(anonymous_9)
FN:82,(anonymous_10)
FN:90,(anonymous_11)
FN:91,(anonymous_12)
FN:95,(anonymous_13)
FN:95,(anonymous_14)
FN:100,(anonymous_15)
FN:100,(anonymous_16)
FNF:17
FNH:15
FNDA:9,(anonymous_0)
FNDA:3,(anonymous_1)
FNDA:4,(anonymous_2)
FNDA:1,(anonymous_3)
FNDA:1,(anonymous_4)
FNDA:1,(anonymous_5)
FNDA:4,(anonymous_6)
FNDA:1,(anonymous_7)
FNDA:1,(anonymous_8)
FNDA:1,(anonymous_9)
FNDA:6,(anonymous_10)
FNDA:0,(anonymous_11)
FNDA:0,(anonymous_12)
FNDA:3,(anonymous_13)
FNDA:3,(anonymous_14)
FNDA:2,(anonymous_15)
FNDA:2,(anonymous_16)
DA:27,1
DA:32,1
DA:33,9
DA:34,9
DA:35,9
DA:37,0
DA:41,1
DA:42,3
DA:43,3
DA:44,2
DA:45,1
DA:47,1
DA:49,1
DA:50,1
DA:54,1
DA:59,4
DA:60,4
DA:61,1
DA:63,3
DA:65,4
DA:68,1
DA:69,1
DA:72,4
DA:73,4
DA:74,3
DA:75,3
DA:79,1
DA:80,1
DA:83,6
DA:84,6
DA:89,1
DA:90,1
DA:91,1
DA:95,3
DA:96,3
DA:97,3
DA:100,2
DA:101,2
DA:102,2
DA:104,1
DA:106,2
LF:41
LH:40
BRDA:44,0,0,1
BRDA:44,0,1,1
BRDA:60,1,0,1
BRDA:60,1,1,3
BRDA:73,2,0,3
BRDA:73,2,1,1
BRF:6
BRH:6
end_of_record
TN:
SF:lib/ai.tsx
FN:5,generatePromptForAdvisor
FN:185,removeJsonTags
FN:190,callGeminiAPI
FNF:3
FNH:3
FNDA:2,generatePromptForAdvisor
FNDA:3,removeJsonTags
FNDA:5,callGeminiAPI
DA:6,2
DA:182,2
DA:186,3
DA:187,3
DA:191,5
DA:193,4
DA:194,4
DA:195,4
DA:199,4
DA:207,4
DA:211,4
DA:212,3
DA:213,3
DA:215,1
DA:216,1
LF:15
LH:15
BRDA:191,0,0,1
BRDA:191,0,1,4
BRF:2
BRH:2
end_of_record
TN:
SF:lib/formatRelativeTime.ts
FN:1,formatRelativeTime
FNF:1
FNH:1
FNDA:13,formatRelativeTime
DA:2,13
DA:3,13
DA:5,13
DA:6,1
DA:9,12
DA:10,12
DA:11,2
DA:14,10
DA:15,10
DA:16,2
DA:19,8
DA:20,8
DA:21,2
DA:24,6
DA:26,6
DA:27,2
DA:30,4
DA:31,4
DA:32,2
DA:35,2
DA:36,2
LF:21
LH:21
BRDA:5,0,0,1
BRDA:5,0,1,12
BRDA:10,1,0,2
BRDA:10,1,1,10
BRDA:11,2,0,1
BRDA:11,2,1,1
BRDA:15,3,0,2
BRDA:15,3,1,8
BRDA:16,4,0,1
BRDA:16,4,1,1
BRDA:20,5,0,2
BRDA:20,5,1,6
BRDA:21,6,0,1
BRDA:21,6,1,1
BRDA:26,7,0,2
BRDA:26,7,1,4
BRDA:27,8,0,1
BRDA:27,8,1,1
BRDA:31,9,0,2
BRDA:31,9,1,2
BRDA:32,10,0,1
BRDA:32,10,1,1
BRDA:36,11,0,1
BRDA:36,11,1,1
BRF:24
BRH:24
end_of_record
TN:
SF:lib/text.ts
FN:1,capitalize
FN:5,capitalizeAll
FN:9,removeDashes
FN:13,removeHTMLTags
FNF:4
FNH:4
FNDA:25,capitalize
FNDA:6,capitalizeAll
FNDA:5,removeDashes
FNDA:8,removeHTMLTags
DA:2,25
DA:6,6
DA:10,5
DA:14,8
DA:15,8
LF:5
LH:5
BRDA:15,0,0,8
BRDA:15,0,1,4
BRF:2
BRH:2
end_of_record
